Jul 14, 2024 12:18:39 AM ShabaValidator main
SEVERE: Error reading or writing file: inputtt.txt (The system cannot find the file specified)
Jul 14, 2024 12:18:52 AM ShabaValidator main
SEVERE: Error reading or writing file: inputtt.txt (The system cannot find the file specified)
Jul 14, 2024 12:18:55 AM ShabaValidator main
SEVERE: Error reading or writing file: inputtt.txt (The system cannot find the file specified)
Jul 14, 2024 12:18:57 AM ShabaValidator main
SEVERE: Error reading or writing file: inputtt.txt (The system cannot find the file specified)
Jul 14, 2024 12:19:00 AM ShabaValidator main
SEVERE: Error reading or writing file: inputtt.txt (The system cannot find the file specified)
Jul 14, 2024 12:19:03 AM ShabaValidator main
SEVERE: Error reading or writing file: inputtt.txt (The system cannot find the file specified)
Jul 14, 2024 12:19:05 AM ShabaValidator main
SEVERE: Error reading or writing file: inputtt.txt (The system cannot find the file specified)
Jul 14, 2024 12:24:42 AM ShabaValidator main
SEVERE: Error reading or writing file: inputt.txt (The system cannot find the file specified)
Jul 14, 2024 12:25:18 AM ShabaValidator main
SEVERE: Error reading or writing file: inputt.txt (The system cannot find the file specified)
[2024/07/14 10:58:30] Error reading or writing file: inputt.txt (The system cannot find the file specified)
[2024/07/14 11:01:10] Error reading or writing file: inputt.txt (The system cannot find the file specified)
[2024/07/14] Error reading or writing file: inputt.txt (The system cannot find the file specified)
[2024/07/14 11:06:28] Error reading or writing file: inputt.txt (The system cannot find the file specified)
[2024/07/14 11:07:44] Error reading or writing file: inputt.txt (The system cannot find the file specified)
[2024/07/14 11:14:36] Error reading or writing file: inputt.txt (The system cannot find the file specified)
[2024/07/14 11:15:17] Error reading or writing file: inputt.txt (The system cannot find the file specified)
